{"logLevel":"debug","message":"multithreading is set to false"}
{"logLevel":"debug","message":"Using reflection to scan dependencies for gauge implementations..."}
SLF4J: Class path contains multiple SLF4J bindings.
SLF4J: Found binding in [jar:file:/Users/testinium/.m2/repository/org/slf4j/slf4j-simple/1.7.36/slf4j-simple-1.7.36.jar!/org/slf4j/impl/StaticLoggerBinder.class]
SLF4J: Found binding in [jar:file:/Users/testinium/.m2/repository/org/apache/logging/log4j/log4j-slf4j-impl/2.17.1/log4j-slf4j-impl-2.17.1.jar!/org/slf4j/impl/StaticLoggerBinder.class]
SLF4J: See http://www.slf4j.org/codes.html#multiple_bindings for an explanation.
SLF4J: Actual binding is of type [org.slf4j.impl.SimpleLoggerFactory]
{"logLevel":"debug","message":"gauge-java took 460milliseconds to load and scan. This should be less than 'runner_connection_timeout' config value."}
{"logLevel":"debug","message":"run 'gauge config runner_connection_timeout' and verify that it is < 460"}
{"logLevel":"debug","message":"starting gRPC server..."}
{"logLevel":"debug","message":"started gRPC server on port 63596"}
{"logLevel":"info","message":"Listening on port:63596"}
[pool-1-thread-1] INFO org.reflections.Reflections - Reflections took 2693 ms to scan 121 urls, producing 6082 keys and 36894 values
{"logLevel":"debug","message":"Scanning packages for steps"}
{"logLevel":"debug","message":"Comparing 'com.testinium.step.BaseSteps.clickElement' and 'com.testinium.step.BaseSteps.clickElement'"}
{"logLevel":"debug","message":"Found Click to element {} in current project scope."}
{"logLevel":"debug","message":"Comparing 'com.testinium.step.BaseSteps.clickElement' and 'com.testinium.step.BaseSteps.clickElement'"}
{"logLevel":"debug","message":"Found Elementine t覺kla {} in current project scope."}
{"logLevel":"debug","message":"Comparing 'com.testinium.step.BaseSteps.getElementWithKeyIfExists' and 'com.testinium.step.BaseSteps.getElementWithKeyIfExists'"}
{"logLevel":"debug","message":"Found Check if element {} exists in current project scope."}
{"logLevel":"debug","message":"Comparing 'com.testinium.step.BaseSteps.getElementWithKeyIfExists' and 'com.testinium.step.BaseSteps.getElementWithKeyIfExists'"}
{"logLevel":"debug","message":"Found Element var m覺 kontrol et {} in current project scope."}
{"logLevel":"debug","message":"Comparing 'com.testinium.step.BaseSteps.goToUrl' and 'com.testinium.step.BaseSteps.goToUrl'"}
{"logLevel":"debug","message":"Found Go to {} address in current project scope."}
{"logLevel":"debug","message":"Comparing 'com.testinium.step.BaseSteps.goToUrl' and 'com.testinium.step.BaseSteps.goToUrl'"}
{"logLevel":"debug","message":"Found {} adresine git in current project scope."}
{"logLevel":"debug","message":"Comparing 'com.testinium.step.BaseSteps.checkElementNotExists' and 'com.testinium.step.BaseSteps.checkElementNotExists'"}
{"logLevel":"debug","message":"Found Check if element {} not exists in current project scope."}
{"logLevel":"debug","message":"Comparing 'com.testinium.step.BaseSteps.checkElementNotExists' and 'com.testinium.step.BaseSteps.checkElementNotExists'"}
{"logLevel":"debug","message":"Found Element yok mu kontrol et {} in current project scope."}
{"logLevel":"debug","message":"Comparing 'com.testinium.step.BaseSteps.waitByMilliSeconds' and 'com.testinium.step.BaseSteps.waitByMilliSeconds'"}
{"logLevel":"debug","message":"Found Wait {} milliseconds in current project scope."}
{"logLevel":"debug","message":"Comparing 'com.testinium.step.BaseSteps.waitByMilliSeconds' and 'com.testinium.step.BaseSteps.waitByMilliSeconds'"}
{"logLevel":"debug","message":"Found {} milisaniye bekle in current project scope."}
{"logLevel":"debug","message":"Scanning packages for hooks"}
{"logLevel":"debug","message":"Scanned steps (using static parsing + reflections): "}
{"logLevel":"debug","message":"\tWait {} milliseconds : public void waitByMilliSeconds(long milliseconds)"}
{"logLevel":"debug","message":"\tElement var m覺 kontrol et {} : public WebElement getElementWithKeyIfExists(String key)"}
{"logLevel":"debug","message":"\tCheck if element {} not exists : public void checkElementNotExists(String key)"}
{"logLevel":"debug","message":"\tClick to element {} : public void clickElement(String key)"}
{"logLevel":"debug","message":"\t{} milisaniye bekle : public void waitByMilliSeconds(long milliseconds)"}
{"logLevel":"debug","message":"\t{} adresine git : public void goToUrl(String url)"}
{"logLevel":"debug","message":"\tElementine t覺kla {} : public void clickElement(String key)"}
{"logLevel":"debug","message":"\tGo to {} address : public void goToUrl(String url)"}
{"logLevel":"debug","message":"\tCheck if element {} exists : public WebElement getElementWithKeyIfExists(String key)"}
{"logLevel":"debug","message":"\tElement yok mu kontrol et {} : public void checkElementNotExists(String key)"}
[pool-2-thread-1] INFO org.reflections.Reflections - Reflections took 379 ms to scan 121 urls, producing 5992 keys and 26535 values
{"logLevel":"debug","message":"Killing Java runner..."}
{"logLevel":"debug","message":"Stopping execution pool..."}
{"logLevel":"debug","message":"Shutting down grpc server..."}
